{"/home/user/projects/crm-system/src/App.tsx": {"path":"/home/user/projects/crm-system/src/App.tsx","statementMap":{"0":{"start":{"line":4,"column":2},"end":{"line":8,"column":4}}},"fnMap":{"0":{"name":"App","decl":{"start":{"line":3,"column":16},"end":{"line":3,"column":19}},"loc":{"start":{"line":3,"column":22},"end":{"line":9,"column":1}},"line":3}},"branchMap":{},"s":{"0":0},"f":{"0":0},"b":{}}
,"/home/user/projects/crm-system/src/main.tsx": {"path":"/home/user/projects/crm-system/src/main.tsx","statementMap":{"0":{"start":{"line":11,"column":0},"end":{"line":18,"column":2}}},"fnMap":{},"branchMap":{},"s":{"0":0},"f":{},"b":{}}
,"/home/user/projects/crm-system/src/routes.tsx": {"path":"/home/user/projects/crm-system/src/routes.tsx","statementMap":{"0":{"start":{"line":4,"column":17},"end":{"line":4,"column":70}},"1":{"start":{"line":4,"column":34},"end":{"line":4,"column":69}},"2":{"start":{"line":5,"column":18},"end":{"line":5,"column":73}},"3":{"start":{"line":5,"column":35},"end":{"line":5,"column":72}},"4":{"start":{"line":19,"column":33},"end":{"line":35,"column":1}}},"fnMap":{"0":{"name":"(anonymous_0)","decl":{"start":{"line":4,"column":28},"end":{"line":4,"column":29}},"loc":{"start":{"line":4,"column":34},"end":{"line":4,"column":69}},"line":4},"1":{"name":"(anonymous_1)","decl":{"start":{"line":5,"column":29},"end":{"line":5,"column":30}},"loc":{"start":{"line":5,"column":35},"end":{"line":5,"column":72}},"line":5}},"branchMap":{},"s":{"0":0,"1":0,"2":0,"3":0,"4":0},"f":{"0":0,"1":0},"b":{}}
,"/home/user/projects/crm-system/src/store.ts": {"path":"/home/user/projects/crm-system/src/store.ts","statementMap":{"0":{"start":{"line":3,"column":21},"end":{"line":5,"column":2}}},"fnMap":{},"branchMap":{},"s":{"0":0},"f":{},"b":{}}
,"/home/user/projects/crm-system/src/components/index.ts": {"path":"/home/user/projects/crm-system/src/components/index.ts","statementMap":{},"fnMap":{},"branchMap":{},"s":{},"f":{},"b":{}}
,"/home/user/projects/crm-system/src/components/Button/Button.stories.tsx": {"path":"/home/user/projects/crm-system/src/components/Button/Button.stories.tsx","statementMap":{"0":{"start":{"line":11,"column":16},"end":{"line":11,"column":38}},"1":{"start":{"line":12,"column":48},"end":{"line":16,"column":1}},"2":{"start":{"line":13,"column":2},"end":{"line":15,"column":12}},"3":{"start":{"line":18,"column":23},"end":{"line":18,"column":40}},"4":{"start":{"line":19,"column":0},"end":{"line":22,"column":2}}},"fnMap":{"0":{"name":"(anonymous_0)","decl":{"start":{"line":12,"column":48},"end":{"line":12,"column":49}},"loc":{"start":{"line":13,"column":2},"end":{"line":15,"column":12}},"line":13}},"branchMap":{},"s":{"0":0,"1":0,"2":0,"3":0,"4":0},"f":{"0":0},"b":{}}
,"/home/user/projects/crm-system/src/components/Button/Button.tsx": {"path":"/home/user/projects/crm-system/src/components/Button/Button.tsx","statementMap":{"0":{"start":{"line":12,"column":22},"end":{"line":14,"column":1}},"1":{"start":{"line":13,"column":2},"end":{"line":13,"column":66}}},"fnMap":{"0":{"name":"(anonymous_0)","decl":{"start":{"line":12,"column":22},"end":{"line":12,"column":23}},"loc":{"start":{"line":12,"column":42},"end":{"line":14,"column":1}},"line":12}},"branchMap":{},"s":{"0":0,"1":0},"f":{"0":0},"b":{}}
,"/home/user/projects/crm-system/src/components/Navigator/Navigator.tsx": {"path":"/home/user/projects/crm-system/src/components/Navigator/Navigator.tsx","statementMap":{"0":{"start":{"line":5,"column":25},"end":{"line":15,"column":1}},"1":{"start":{"line":6,"column":2},"end":{"line":14,"column":4}}},"fnMap":{"0":{"name":"(anonymous_0)","decl":{"start":{"line":5,"column":25},"end":{"line":5,"column":26}},"loc":{"start":{"line":5,"column":31},"end":{"line":15,"column":1}},"line":5}},"branchMap":{},"s":{"0":0,"1":0},"f":{"0":0},"b":{}}
,"/home/user/projects/crm-system/src/components/Typography/Typography.tsx": {"path":"/home/user/projects/crm-system/src/components/Typography/Typography.tsx","statementMap":{"0":{"start":{"line":11,"column":19},"end":{"line":26,"column":1}},"1":{"start":{"line":12,"column":26},"end":{"line":12,"column":49}},"2":{"start":{"line":13,"column":30},"end":{"line":13,"column":57}},"3":{"start":{"line":15,"column":4},"end":{"line":24,"column":5}},"4":{"start":{"line":17,"column":8},"end":{"line":17,"column":24}},"5":{"start":{"line":19,"column":8},"end":{"line":19,"column":19}},"6":{"start":{"line":21,"column":8},"end":{"line":21,"column":19}},"7":{"start":{"line":23,"column":8},"end":{"line":23,"column":24}},"8":{"start":{"line":27,"column":26},"end":{"line":29,"column":1}},"9":{"start":{"line":28,"column":2},"end":{"line":28,"column":62}}},"fnMap":{"0":{"name":"(anonymous_0)","decl":{"start":{"line":12,"column":11},"end":{"line":12,"column":12}},"loc":{"start":{"line":12,"column":26},"end":{"line":12,"column":49}},"line":12},"1":{"name":"(anonymous_1)","decl":{"start":{"line":13,"column":15},"end":{"line":13,"column":16}},"loc":{"start":{"line":13,"column":30},"end":{"line":13,"column":57}},"line":13},"2":{"name":"(anonymous_2)","decl":{"start":{"line":14,"column":17},"end":{"line":14,"column":18}},"loc":{"start":{"line":14,"column":33},"end":{"line":25,"column":3}},"line":14},"3":{"name":"(anonymous_3)","decl":{"start":{"line":27,"column":26},"end":{"line":27,"column":27}},"loc":{"start":{"line":27,"column":50},"end":{"line":29,"column":1}},"line":27}},"branchMap":{"0":{"loc":{"start":{"line":12,"column":33},"end":{"line":12,"column":48}},"type":"binary-expr","locations":[{"start":{"line":12,"column":33},"end":{"line":12,"column":38}},{"start":{"line":12,"column":42},"end":{"line":12,"column":48}}],"line":12},"1":{"loc":{"start":{"line":13,"column":30},"end":{"line":13,"column":57}},"type":"cond-expr","locations":[{"start":{"line":13,"column":37},"end":{"line":13,"column":48}},{"start":{"line":13,"column":51},"end":{"line":13,"column":57}}],"line":13},"2":{"loc":{"start":{"line":15,"column":4},"end":{"line":24,"column":5}},"type":"switch","locations":[{"start":{"line":16,"column":6},"end":{"line":17,"column":24}},{"start":{"line":18,"column":6},"end":{"line":19,"column":19}},{"start":{"line":20,"column":6},"end":{"line":21,"column":19}},{"start":{"line":22,"column":6},"end":{"line":23,"column":24}}],"line":15}},"s":{"0":0,"1":0,"2":0,"3":0,"4":0,"5":0,"6":0,"7":0,"8":0,"9":0},"f":{"0":0,"1":0,"2":0,"3":0},"b":{"0":[0,0],"1":[0,0],"2":[0,0,0,0]}}
,"/home/user/projects/crm-system/src/constants/global.styles.ts": {"path":"/home/user/projects/crm-system/src/constants/global.styles.ts","statementMap":{"0":{"start":{"line":4,"column":22},"end":{"line":15,"column":1}},"1":{"start":{"line":17,"column":27},"end":{"line":21,"column":1}}},"fnMap":{},"branchMap":{},"s":{"0":0,"1":0},"f":{},"b":{}}
,"/home/user/projects/crm-system/src/features/LeftNavigatorMenu/LeftNavigatorMenu.tsx": {"path":"/home/user/projects/crm-system/src/features/LeftNavigatorMenu/LeftNavigatorMenu.tsx","statementMap":{"0":{"start":{"line":4,"column":2},"end":{"line":10,"column":4}}},"fnMap":{"0":{"name":"LeftNavigatorMenu","decl":{"start":{"line":3,"column":16},"end":{"line":3,"column":33}},"loc":{"start":{"line":3,"column":36},"end":{"line":11,"column":1}},"line":3}},"branchMap":{},"s":{"0":0},"f":{"0":0},"b":{}}
,"/home/user/projects/crm-system/src/features/LeftNavigatorMenu/leftNavigatorMenuSlice.ts": {"path":"/home/user/projects/crm-system/src/features/LeftNavigatorMenu/leftNavigatorMenuSlice.ts","statementMap":{},"fnMap":{},"branchMap":{},"s":{},"f":{},"b":{}}
,"/home/user/projects/crm-system/src/features/counter/Counter.tsx": {"path":"/home/user/projects/crm-system/src/features/counter/Counter.tsx","statementMap":{"0":{"start":{"line":11,"column":16},"end":{"line":11,"column":62}},"1":{"start":{"line":11,"column":42},"end":{"line":11,"column":61}},"2":{"start":{"line":12,"column":19},"end":{"line":12,"column":35}},"3":{"start":{"line":14,"column":2},"end":{"line":23,"column":4}},"4":{"start":{"line":17,"column":61},"end":{"line":17,"column":82}}},"fnMap":{"0":{"name":"Counter","decl":{"start":{"line":9,"column":16},"end":{"line":9,"column":23}},"loc":{"start":{"line":9,"column":26},"end":{"line":24,"column":1}},"line":9},"1":{"name":"(anonymous_1)","decl":{"start":{"line":11,"column":31},"end":{"line":11,"column":32}},"loc":{"start":{"line":11,"column":42},"end":{"line":11,"column":61}},"line":11},"2":{"name":"(anonymous_2)","decl":{"start":{"line":17,"column":55},"end":{"line":17,"column":56}},"loc":{"start":{"line":17,"column":61},"end":{"line":17,"column":82}},"line":17}},"branchMap":{},"s":{"0":0,"1":0,"2":0,"3":0,"4":0},"f":{"0":0,"1":0,"2":0},"b":{}}
,"/home/user/projects/crm-system/src/features/counter/counterSlice.ts": {"path":"/home/user/projects/crm-system/src/features/counter/counterSlice.ts","statementMap":{"0":{"start":{"line":9,"column":35},"end":{"line":11,"column":1}},"1":{"start":{"line":13,"column":28},"end":{"line":29,"column":2}},"2":{"start":{"line":19,"column":6},"end":{"line":19,"column":23}},"3":{"start":{"line":22,"column":6},"end":{"line":22,"column":23}},"4":{"start":{"line":26,"column":6},"end":{"line":26,"column":36}},"5":{"start":{"line":31,"column":59},"end":{"line":31,"column":79}}},"fnMap":{"0":{"name":"(anonymous_0)","decl":{"start":{"line":18,"column":15},"end":{"line":18,"column":16}},"loc":{"start":{"line":18,"column":26},"end":{"line":20,"column":5}},"line":18},"1":{"name":"(anonymous_1)","decl":{"start":{"line":21,"column":15},"end":{"line":21,"column":16}},"loc":{"start":{"line":21,"column":26},"end":{"line":23,"column":5}},"line":21},"2":{"name":"(anonymous_2)","decl":{"start":{"line":25,"column":23},"end":{"line":25,"column":24}},"loc":{"start":{"line":25,"column":65},"end":{"line":27,"column":5}},"line":25}},"branchMap":{},"s":{"0":0,"1":0,"2":0,"3":0,"4":0,"5":0},"f":{"0":0,"1":0,"2":0},"b":{}}
,"/home/user/projects/crm-system/src/helpers/routeHelpers.tsx": {"path":"/home/user/projects/crm-system/src/helpers/routeHelpers.tsx","statementMap":{"0":{"start":{"line":8,"column":28},"end":{"line":19,"column":1}},"1":{"start":{"line":9,"column":2},"end":{"line":18,"column":11}},"2":{"start":{"line":11,"column":6},"end":{"line":15,"column":8}},"3":{"start":{"line":21,"column":32},"end":{"line":58,"column":1}},"4":{"start":{"line":25,"column":22},"end":{"line":36,"column":3}},"5":{"start":{"line":26,"column":4},"end":{"line":35,"column":6}},"6":{"start":{"line":39,"column":2},"end":{"line":57,"column":4}},"7":{"start":{"line":42,"column":8},"end":{"line":42,"column":38}},"8":{"start":{"line":42,"column":28},"end":{"line":42,"column":38}},"9":{"start":{"line":44,"column":8},"end":{"line":51,"column":9}},"10":{"start":{"line":45,"column":10},"end":{"line":50,"column":12}},"11":{"start":{"line":54,"column":8},"end":{"line":54,"column":34}},"12":{"start":{"line":59,"column":26},"end":{"line":66,"column":2}},"13":{"start":{"line":59,"column":43},"end":{"line":66,"column":1}},"14":{"start":{"line":68,"column":27},"end":{"line":73,"column":2}},"15":{"start":{"line":68,"column":44},"end":{"line":73,"column":1}},"16":{"start":{"line":75,"column":27},"end":{"line":75,"column":74}},"17":{"start":{"line":75,"column":44},"end":{"line":75,"column":73}},"18":{"start":{"line":76,"column":24},"end":{"line":88,"column":2}},"19":{"start":{"line":76,"column":41},"end":{"line":88,"column":1}}},"fnMap":{"0":{"name":"(anonymous_0)","decl":{"start":{"line":8,"column":28},"end":{"line":8,"column":29}},"loc":{"start":{"line":9,"column":2},"end":{"line":18,"column":11}},"line":9},"1":{"name":"(anonymous_1)","decl":{"start":{"line":10,"column":16},"end":{"line":10,"column":17}},"loc":{"start":{"line":11,"column":6},"end":{"line":15,"column":8}},"line":11},"2":{"name":"(anonymous_2)","decl":{"start":{"line":21,"column":32},"end":{"line":21,"column":33}},"loc":{"start":{"line":21,"column":55},"end":{"line":58,"column":1}},"line":21},"3":{"name":"(anonymous_3)","decl":{"start":{"line":25,"column":22},"end":{"line":25,"column":23}},"loc":{"start":{"line":25,"column":42},"end":{"line":36,"column":3}},"line":25},"4":{"name":"(anonymous_4)","decl":{"start":{"line":41,"column":18},"end":{"line":41,"column":19}},"loc":{"start":{"line":41,"column":36},"end":{"line":55,"column":7}},"line":41},"5":{"name":"(anonymous_5)","decl":{"start":{"line":59,"column":37},"end":{"line":59,"column":38}},"loc":{"start":{"line":59,"column":43},"end":{"line":66,"column":1}},"line":59},"6":{"name":"(anonymous_6)","decl":{"start":{"line":68,"column":38},"end":{"line":68,"column":39}},"loc":{"start":{"line":68,"column":44},"end":{"line":73,"column":1}},"line":68},"7":{"name":"(anonymous_7)","decl":{"start":{"line":75,"column":38},"end":{"line":75,"column":39}},"loc":{"start":{"line":75,"column":44},"end":{"line":75,"column":73}},"line":75},"8":{"name":"(anonymous_8)","decl":{"start":{"line":76,"column":35},"end":{"line":76,"column":36}},"loc":{"start":{"line":76,"column":41},"end":{"line":88,"column":1}},"line":76}},"branchMap":{"0":{"loc":{"start":{"line":42,"column":8},"end":{"line":42,"column":38}},"type":"if","locations":[{"start":{"line":42,"column":8},"end":{"line":42,"column":38}},{"start":{},"end":{}}],"line":42},"1":{"loc":{"start":{"line":44,"column":8},"end":{"line":51,"column":9}},"type":"if","locations":[{"start":{"line":44,"column":8},"end":{"line":51,"column":9}},{"start":{},"end":{}}],"line":44}},"s":{"0":0,"1":0,"2":0,"3":0,"4":0,"5":0,"6":0,"7":0,"8":0,"9":0,"10":0,"11":0,"12":0,"13":0,"14":0,"15":0,"16":0,"17":0,"18":0,"19":0},"f":{"0":0,"1":0,"2":0,"3":0,"4":0,"5":0,"6":0,"7":0,"8":0},"b":{"0":[0,0],"1":[0,0]}}
,"/home/user/projects/crm-system/src/hooks/redux.ts": {"path":"/home/user/projects/crm-system/src/hooks/redux.ts","statementMap":{"0":{"start":{"line":5,"column":30},"end":{"line":5,"column":62}},"1":{"start":{"line":5,"column":36},"end":{"line":5,"column":62}},"2":{"start":{"line":6,"column":63},"end":{"line":6,"column":74}}},"fnMap":{"0":{"name":"(anonymous_0)","decl":{"start":{"line":5,"column":30},"end":{"line":5,"column":31}},"loc":{"start":{"line":5,"column":36},"end":{"line":5,"column":62}},"line":5}},"branchMap":{},"s":{"0":0,"1":0,"2":0},"f":{"0":0},"b":{}}
,"/home/user/projects/crm-system/src/pages/Contacts/Contacts.styles.ts": {"path":"/home/user/projects/crm-system/src/pages/Contacts/Contacts.styles.ts","statementMap":{},"fnMap":{},"branchMap":{},"s":{},"f":{},"b":{}}
,"/home/user/projects/crm-system/src/pages/Contacts/Contacts.tsx": {"path":"/home/user/projects/crm-system/src/pages/Contacts/Contacts.tsx","statementMap":{"0":{"start":{"line":4,"column":24},"end":{"line":13,"column":1}},"1":{"start":{"line":5,"column":2},"end":{"line":5,"column":75}},"2":{"start":{"line":5,"column":42},"end":{"line":5,"column":72}},"3":{"start":{"line":6,"column":2},"end":{"line":12,"column":4}}},"fnMap":{"0":{"name":"(anonymous_0)","decl":{"start":{"line":4,"column":24},"end":{"line":4,"column":25}},"loc":{"start":{"line":4,"column":30},"end":{"line":13,"column":1}},"line":4},"1":{"name":"(anonymous_1)","decl":{"start":{"line":5,"column":33},"end":{"line":5,"column":34}},"loc":{"start":{"line":5,"column":42},"end":{"line":5,"column":72}},"line":5}},"branchMap":{},"s":{"0":0,"1":0,"2":0,"3":0},"f":{"0":0,"1":0},"b":{}}
,"/home/user/projects/crm-system/src/pages/Dashboard/Dashboard.tsx": {"path":"/home/user/projects/crm-system/src/pages/Dashboard/Dashboard.tsx","statementMap":{"0":{"start":{"line":3,"column":18},"end":{"line":5,"column":1}},"1":{"start":{"line":4,"column":2},"end":{"line":4,"column":30}}},"fnMap":{"0":{"name":"(anonymous_0)","decl":{"start":{"line":3,"column":18},"end":{"line":3,"column":19}},"loc":{"start":{"line":3,"column":24},"end":{"line":5,"column":1}},"line":3}},"branchMap":{},"s":{"0":0,"1":0},"f":{"0":0},"b":{}}
,"/home/user/projects/crm-system/src/pages/Main/Main.styles.ts": {"path":"/home/user/projects/crm-system/src/pages/Main/Main.styles.ts","statementMap":{},"fnMap":{},"branchMap":{},"s":{},"f":{},"b":{}}
,"/home/user/projects/crm-system/src/pages/Main/Main.tsx": {"path":"/home/user/projects/crm-system/src/pages/Main/Main.tsx","statementMap":{},"fnMap":{},"branchMap":{},"s":{},"f":{},"b":{}}
,"/home/user/projects/crm-system/src/services/contactsService.ts": {"path":"/home/user/projects/crm-system/src/services/contactsService.ts","statementMap":{"0":{"start":{"line":5,"column":27},"end":{"line":7,"column":1}},"1":{"start":{"line":6,"column":2},"end":{"line":6,"column":52}},"2":{"start":{"line":9,"column":27},"end":{"line":11,"column":1}}},"fnMap":{"0":{"name":"(anonymous_0)","decl":{"start":{"line":5,"column":27},"end":{"line":5,"column":28}},"loc":{"start":{"line":5,"column":69},"end":{"line":7,"column":1}},"line":5}},"branchMap":{},"s":{"0":1,"1":1,"2":1},"f":{"0":1},"b":{},"_coverageSchema":"1a1c01bbd47fc00a2c39e90264f33305004495a9","hash":"077257233f4e4b26ed6a30796b9b922fb5e8e4bb"}
,"/home/user/projects/crm-system/src/services/index.ts": {"path":"/home/user/projects/crm-system/src/services/index.ts","statementMap":{"0":{"start":{"line":3,"column":23},"end":{"line":3,"column":75}},"1":{"start":{"line":4,"column":13},"end":{"line":7,"column":2}}},"fnMap":{},"branchMap":{},"s":{"0":0,"1":0},"f":{},"b":{}}
,"/home/user/projects/crm-system/src/types/IContact.ts": {"path":"/home/user/projects/crm-system/src/types/IContact.ts","statementMap":{},"fnMap":{},"branchMap":{},"s":{},"f":{},"b":{}}
,"/home/user/projects/crm-system/src/types/ISale.ts": {"path":"/home/user/projects/crm-system/src/types/ISale.ts","statementMap":{},"fnMap":{},"branchMap":{},"s":{},"f":{},"b":{}}
,"/home/user/projects/crm-system/src/validations/index.ts": {"path":"/home/user/projects/crm-system/src/validations/index.ts","statementMap":{},"fnMap":{},"branchMap":{},"s":{},"f":{},"b":{}}
}
